<?xml version="1.0" encoding="UTF-8"?>
<testng-results ignored="0" total="4" passed="3" failed="1" skipped="0">
  <reporter-output>
  </reporter-output>
  <suite started-at="2025-07-31T12:50:38 IST" name="Command line suite" finished-at="2025-07-31T12:51:26 IST" duration-ms="48383">
    <groups>
    </groups>
    <test started-at="2025-07-31T12:50:38 IST" name="Command line test" finished-at="2025-07-31T12:51:26 IST" duration-ms="48383">
      <class name="com.janitri.tests.LoginTest">
        <test-method is-config="true" signature="setUp()[pri:0, instance:com.janitri.tests.LoginTest@58fdd99]" started-at="2025-07-31T12:50:38 IST" name="setUp" finished-at="2025-07-31T12:50:47 IST" duration-ms="9017" status="PASS">
          <reporter-output>
          </reporter-output>
        </test-method> <!-- setUp -->
        <test-method signature="testInvalidLoginShowsErrorMessage()[pri:0, instance:com.janitri.tests.LoginTest@58fdd99]" started-at="2025-07-31T12:50:47 IST" name="testInvalidLoginShowsErrorMessage" finished-at="2025-07-31T12:50:59 IST" duration-ms="11805" status="PASS">
          <reporter-output>
          </reporter-output>
        </test-method> <!-- testInvalidLoginShowsErrorMessage -->
        <test-method is-config="true" signature="tearDown()[pri:0, instance:com.janitri.tests.LoginTest@58fdd99]" started-at="2025-07-31T12:50:59 IST" name="tearDown" finished-at="2025-07-31T12:50:59 IST" duration-ms="497" status="PASS">
          <reporter-output>
          </reporter-output>
        </test-method> <!-- tearDown -->
        <test-method is-config="true" signature="setUp()[pri:0, instance:com.janitri.tests.LoginTest@58fdd99]" started-at="2025-07-31T12:50:59 IST" name="setUp" finished-at="2025-07-31T12:51:04 IST" duration-ms="4545" status="PASS">
          <reporter-output>
          </reporter-output>
        </test-method> <!-- setUp -->
        <test-method signature="testLoginButtonDisabledWhenFieldsAreEmpty()[pri:0, instance:com.janitri.tests.LoginTest@58fdd99]" started-at="2025-07-31T12:51:04 IST" name="testLoginButtonDisabledWhenFieldsAreEmpty" finished-at="2025-07-31T12:51:09 IST" duration-ms="5114" status="FAIL">
          <exception class="java.lang.AssertionError">
            <message>
              <![CDATA[Login button should be disabled when fields are empty expected [false] but found [true]]]>
            </message>
            <full-stacktrace>
              <![CDATA[java.lang.AssertionError: Login button should be disabled when fields are empty expected [false] but found [true]
at org.testng.Assert.fail(Assert.java:111)
at org.testng.Assert.failNotEquals(Assert.java:1578)
at org.testng.Assert.assertFalse(Assert.java:79)
at com.janitri.tests.LoginTest.testLoginButtonDisabledWhenFieldsAreEmpty(LoginTest.java:17)
at java.base/jdk.internal.reflect.DirectMethodHandleAccessor.invoke(DirectMethodHandleAccessor.java:103)
at java.base/java.lang.reflect.Method.invoke(Method.java:580)
at org.testng.internal.invokers.MethodInvocationHelper.invokeMethod(MethodInvocationHelper.java:139)
at org.testng.internal.invokers.TestInvoker.invokeMethod(TestInvoker.java:664)
at org.testng.internal.invokers.TestInvoker.invokeTestMethod(TestInvoker.java:227)
at org.testng.internal.invokers.MethodRunner.runInSequence(MethodRunner.java:50)
at org.testng.internal.invokers.TestInvoker$MethodInvocationAgent.invoke(TestInvoker.java:957)
at org.testng.internal.invokers.TestInvoker.invokeTestMethods(TestInvoker.java:200)
at org.testng.internal.invokers.TestMethodWorker.invokeTestMethods(TestMethodWorker.java:148)
at org.testng.internal.invokers.TestMethodWorker.run(TestMethodWorker.java:128)
at java.base/java.util.ArrayList.forEach(ArrayList.java:1596)
at org.testng.TestRunner.privateRun(TestRunner.java:848)
at org.testng.TestRunner.run(TestRunner.java:621)
at org.testng.SuiteRunner.runTest(SuiteRunner.java:443)
at org.testng.SuiteRunner.runSequentially(SuiteRunner.java:437)
at org.testng.SuiteRunner.privateRun(SuiteRunner.java:397)
at org.testng.SuiteRunner.run(SuiteRunner.java:336)
at org.testng.SuiteRunnerWorker.runSuite(SuiteRunnerWorker.java:52)
at org.testng.SuiteRunnerWorker.run(SuiteRunnerWorker.java:95)
at org.testng.TestNG.runSuitesSequentially(TestNG.java:1280)
at org.testng.TestNG.runSuitesLocally(TestNG.java:1200)
at org.testng.TestNG.runSuites(TestNG.java:1114)
at org.testng.TestNG.run(TestNG.java:1082)
at org.apache.maven.surefire.testng.TestNGExecutor.run(TestNGExecutor.java:77)
at org.apache.maven.surefire.testng.TestNGDirectoryTestSuite.executeMulti(TestNGDirectoryTestSuite.java:159)
at org.apache.maven.surefire.testng.TestNGDirectoryTestSuite.execute(TestNGDirectoryTestSuite.java:99)
at org.apache.maven.surefire.testng.TestNGProvider.invoke(TestNGProvider.java:106)
at java.base/jdk.internal.reflect.DirectMethodHandleAccessor.invoke(DirectMethodHandleAccessor.java:103)
at java.base/java.lang.reflect.Method.invoke(Method.java:580)
at org.apache.maven.surefire.util.ReflectionUtils.invokeMethodWithArray(ReflectionUtils.java:189)
at org.apache.maven.surefire.booter.ProviderFactory$ProviderProxy.invoke(ProviderFactory.java:165)
at org.apache.maven.surefire.booter.ProviderFactory.invokeProvider(ProviderFactory.java:85)
at org.apache.maven.surefire.booter.ForkedBooter.runSuitesInProcess(ForkedBooter.java:115)
at org.apache.maven.surefire.booter.ForkedBooter.main(ForkedBooter.java:75)
]]>
            </full-stacktrace>
          </exception> <!-- java.lang.AssertionError -->
          <reporter-output>
          </reporter-output>
        </test-method> <!-- testLoginButtonDisabledWhenFieldsAreEmpty -->
        <test-method is-config="true" signature="tearDown()[pri:0, instance:com.janitri.tests.LoginTest@58fdd99]" started-at="2025-07-31T12:51:09 IST" name="tearDown" finished-at="2025-07-31T12:51:09 IST" duration-ms="262" status="PASS">
          <reporter-output>
          </reporter-output>
        </test-method> <!-- tearDown -->
        <test-method is-config="true" signature="setUp()[pri:0, instance:com.janitri.tests.LoginTest@58fdd99]" started-at="2025-07-31T12:51:09 IST" name="setUp" finished-at="2025-07-31T12:51:17 IST" duration-ms="7327" status="PASS">
          <reporter-output>
          </reporter-output>
        </test-method> <!-- setUp -->
        <test-method signature="testPasswordMaskedToggle()[pri:0, instance:com.janitri.tests.LoginTest@58fdd99]" started-at="2025-07-31T12:51:17 IST" name="testPasswordMaskedToggle" finished-at="2025-07-31T12:51:22 IST" duration-ms="5045" status="PASS">
          <reporter-output>
          </reporter-output>
        </test-method> <!-- testPasswordMaskedToggle -->
        <test-method is-config="true" signature="tearDown()[pri:0, instance:com.janitri.tests.LoginTest@58fdd99]" started-at="2025-07-31T12:51:22 IST" name="tearDown" finished-at="2025-07-31T12:51:22 IST" duration-ms="168" status="PASS">
          <reporter-output>
          </reporter-output>
        </test-method> <!-- tearDown -->
        <test-method is-config="true" signature="setUp()[pri:0, instance:com.janitri.tests.LoginTest@58fdd99]" started-at="2025-07-31T12:51:22 IST" name="setUp" finished-at="2025-07-31T12:51:25 IST" duration-ms="3682" status="PASS">
          <reporter-output>
          </reporter-output>
        </test-method> <!-- setUp -->
        <test-method signature="testUIElementsPresent()[pri:0, instance:com.janitri.tests.LoginTest@58fdd99]" started-at="2025-07-31T12:51:25 IST" name="testUIElementsPresent" finished-at="2025-07-31T12:51:26 IST" duration-ms="575" status="PASS">
          <reporter-output>
          </reporter-output>
        </test-method> <!-- testUIElementsPresent -->
        <test-method is-config="true" signature="tearDown()[pri:0, instance:com.janitri.tests.LoginTest@58fdd99]" started-at="2025-07-31T12:51:26 IST" name="tearDown" finished-at="2025-07-31T12:51:26 IST" duration-ms="226" status="PASS">
          <reporter-output>
          </reporter-output>
        </test-method> <!-- tearDown -->
      </class> <!-- com.janitri.tests.LoginTest -->
    </test> <!-- Command line test -->
  </suite> <!-- Command line suite -->
</testng-results>
